{"uuid":"29c37f59-7dac-454d-9160-92474736ff7c","historyId":"fd8cd1d5994009fd47e4ea32b3aecfb","fullName":"com.testCase.NewsBtnTest.testing","labels":[{"name":"package","value":"com.testCase.NewsBtnTest"},{"name":"testClass","value":"com.testCase.NewsBtnTest"},{"name":"testMethod","value":"testing"},{"name":"parentSuite","value":"Default Suite"},{"name":"suite","value":"TestM"},{"name":"subSuite","value":"com.testCase.NewsBtnTest"},{"name":"host","value":"UTMAC-036.local"},{"name":"thread","value":"16249@UTMAC-036.local.main(1)"},{"name":"epic","value":"Regression Tests"},{"name":"feature","value":"News"},{"name":"story","value":"News page"},{"name":"severity","value":"blocker"}],"links":[],"name":"testing","status":"broken","statusDetails":{"known":false,"muted":false,"flaky":false,"message":"Timed out after 30 seconds waiting for presence of element located by: By.id: ovo.id:id/field_account\nBuild info: version: '2.53.1', revision: 'a36b8b1cd5757287168e54b817830adce9b0158d', time: '2016-06-30 19:26:09'\nSystem info: host: 'UTMAC-036.local', ip: '10.0.1.199', os.name: 'Mac OS X', os.arch: 'x86_64', os.version: '10.12.6', java.version: '1.8.0_161'\nDriver info: io.appium.java_client.android.AndroidDriver\nCapabilities [{app=/Users/noviherdianti/Downloads/ovo.id_2018-11-29.apk, appPackage=ovo.id, deviceScreenSize=1080x1920, networkConnectionEnabled=true, warnings={}, databaseEnabled=false, deviceName=emulator-5554, fullReset=true, platform=LINUX, deviceUDID=emulator-5554, appActivity=ovo.id.auth.activity.LandingActivity, desired={app=/Users/noviherdianti/Downloads/ovo.id_2018-11-29.apk, appPackage=ovo.id, appActivity=ovo.id.auth.activity.LandingActivity, newCommandTimeout=320000, platformVersion=7.1.1, unicodeKeyboard=true, platformName=Android, deviceName=android2, fullReset=true}, newCommandTimeout=320000, platformVersion=7.1.1, webStorageEnabled=false, locationContextEnabled=false, takesScreenshot=true, javascriptEnabled=true, deviceModel=Android SDK built for x86, unicodeKeyboard=true, platformName=Android, deviceManufacturer=Google}]\nSession ID: ca1dc5f8-582b-44be-ab97-2005d24a55af","trace":"org.openqa.selenium.TimeoutException: Timed out after 30 seconds waiting for presence of element located by: By.id: ovo.id:id/field_account\nBuild info: version: '2.53.1', revision: 'a36b8b1cd5757287168e54b817830adce9b0158d', time: '2016-06-30 19:26:09'\nSystem info: host: 'UTMAC-036.local', ip: '10.0.1.199', os.name: 'Mac OS X', os.arch: 'x86_64', os.version: '10.12.6', java.version: '1.8.0_161'\nDriver info: io.appium.java_client.android.AndroidDriver\nCapabilities [{app=/Users/noviherdianti/Downloads/ovo.id_2018-11-29.apk, appPackage=ovo.id, deviceScreenSize=1080x1920, networkConnectionEnabled=true, warnings={}, databaseEnabled=false, deviceName=emulator-5554, fullReset=true, platform=LINUX, deviceUDID=emulator-5554, appActivity=ovo.id.auth.activity.LandingActivity, desired={app=/Users/noviherdianti/Downloads/ovo.id_2018-11-29.apk, appPackage=ovo.id, appActivity=ovo.id.auth.activity.LandingActivity, newCommandTimeout=320000, platformVersion=7.1.1, unicodeKeyboard=true, platformName=Android, deviceName=android2, fullReset=true}, newCommandTimeout=320000, platformVersion=7.1.1, webStorageEnabled=false, locationContextEnabled=false, takesScreenshot=true, javascriptEnabled=true, deviceModel=Android SDK built for x86, unicodeKeyboard=true, platformName=Android, deviceManufacturer=Google}]\nSession ID: ca1dc5f8-582b-44be-ab97-2005d24a55af\n\tat org.openqa.selenium.support.ui.WebDriverWait.timeoutException(WebDriverWait.java:80)\n\tat org.openqa.selenium.support.ui.FluentWait.until(FluentWait.java:261)\n\tat com.page.BasePage.isEnableElement(BasePage.java:56)\n\tat com.page.BasePage.enterText(BasePage.java:71)\n\tat com.page.LoginPage.inputNoHp(LoginPage.java:21)\n\tat com.testCase.NewsBtnTest.testing(NewsBtnTest.java:37)\n\tat sun.reflect.NativeMethodAccessorImpl.invoke0(Native Method)\n\tat sun.reflect.NativeMethodAccessorImpl.invoke(NativeMethodAccessorImpl.java:62)\n\tat sun.reflect.DelegatingMethodAccessorImpl.invoke(DelegatingMethodAccessorImpl.java:43)\n\tat java.lang.reflect.Method.invoke(Method.java:498)\n\tat org.testng.internal.MethodInvocationHelper.invokeMethod(MethodInvocationHelper.java:104)\n\tat org.testng.internal.Invoker.invokeMethod(Invoker.java:645)\n\tat org.testng.internal.Invoker.invokeTestMethod(Invoker.java:851)\n\tat org.testng.internal.Invoker.invokeTestMethods(Invoker.java:1177)\n\tat org.testng.internal.TestMethodWorker.invokeTestMethods(TestMethodWorker.java:129)\n\tat org.testng.internal.TestMethodWorker.run(TestMethodWorker.java:112)\n\tat org.testng.TestRunner.privateRun(TestRunner.java:756)\n\tat org.testng.TestRunner.run(TestRunner.java:610)\n\tat org.testng.SuiteRunner.runTest(SuiteRunner.java:387)\n\tat org.testng.SuiteRunner.runSequentially(SuiteRunner.java:382)\n\tat org.testng.SuiteRunner.privateRun(SuiteRunner.java:340)\n\tat org.testng.SuiteRunner.run(SuiteRunner.java:289)\n\tat org.testng.SuiteRunnerWorker.runSuite(SuiteRunnerWorker.java:52)\n\tat org.testng.SuiteRunnerWorker.run(SuiteRunnerWorker.java:86)\n\tat org.testng.TestNG.runSuitesSequentially(TestNG.java:1293)\n\tat org.testng.TestNG.runSuitesLocally(TestNG.java:1218)\n\tat org.testng.TestNG.runSuites(TestNG.java:1133)\n\tat org.testng.TestNG.run(TestNG.java:1104)\n\tat org.testng.IDEARemoteTestNG.run(IDEARemoteTestNG.java:72)\n\tat org.testng.RemoteTestNGStarter.main(RemoteTestNGStarter.java:123)\nCaused by: org.openqa.selenium.NoSuchElementException: An element could not be located on the page using the given search parameters. (WARNING: The server did not provide any stacktrace information)\nCommand duration or timeout: 17.79 seconds\nFor documentation on this error, please visit: http://seleniumhq.org/exceptions/no_such_element.html\nBuild info: version: '2.53.1', revision: 'a36b8b1cd5757287168e54b817830adce9b0158d', time: '2016-06-30 19:26:09'\nSystem info: host: 'UTMAC-036.local', ip: '10.0.1.199', os.name: 'Mac OS X', os.arch: 'x86_64', os.version: '10.12.6', java.version: '1.8.0_161'\nDriver info: io.appium.java_client.android.AndroidDriver\nCapabilities [{app=/Users/noviherdianti/Downloads/ovo.id_2018-11-29.apk, appPackage=ovo.id, deviceScreenSize=1080x1920, networkConnectionEnabled=true, warnings={}, databaseEnabled=false, deviceName=emulator-5554, fullReset=true, platform=LINUX, deviceUDID=emulator-5554, appActivity=ovo.id.auth.activity.LandingActivity, desired={app=/Users/noviherdianti/Downloads/ovo.id_2018-11-29.apk, appPackage=ovo.id, appActivity=ovo.id.auth.activity.LandingActivity, newCommandTimeout=320000, platformVersion=7.1.1, unicodeKeyboard=true, platformName=Android, deviceName=android2, fullReset=true}, newCommandTimeout=320000, platformVersion=7.1.1, webStorageEnabled=false, locationContextEnabled=false, takesScreenshot=true, javascriptEnabled=true, deviceModel=Android SDK built for x86, unicodeKeyboard=true, platformName=Android, deviceManufacturer=Google}]\nSession ID: ca1dc5f8-582b-44be-ab97-2005d24a55af\n*** Element info: {Using=id, value=ovo.id:id/field_account}\n\tat sun.reflect.NativeConstructorAccessorImpl.newInstance0(Native Method)\n\tat sun.reflect.NativeConstructorAccessorImpl.newInstance(NativeConstructorAccessorImpl.java:62)\n\tat sun.reflect.DelegatingConstructorAccessorImpl.newInstance(DelegatingConstructorAccessorImpl.java:45)\n\tat java.lang.reflect.Constructor.newInstance(Constructor.java:423)\n\tat org.openqa.selenium.remote.ErrorHandler.createThrowable(ErrorHandler.java:206)\n\tat org.openqa.selenium.remote.ErrorHandler.throwIfResponseFailed(ErrorHandler.java:158)\n\tat org.openqa.selenium.remote.RemoteWebDriver.execute(RemoteWebDriver.java:678)\n\tat io.appium.java_client.DefaultGenericMobileDriver.execute(DefaultGenericMobileDriver.java:40)\n\tat io.appium.java_client.AppiumDriver.execute(AppiumDriver.java:1)\n\tat io.appium.java_client.android.AndroidDriver.execute(AndroidDriver.java:1)\n\tat org.openqa.selenium.remote.RemoteWebDriver.findElement(RemoteWebDriver.java:363)\n\tat io.appium.java_client.DefaultGenericMobileDriver.findElement(DefaultGenericMobileDriver.java:56)\n\tat io.appium.java_client.AppiumDriver.findElement(AppiumDriver.java:1)\n\tat io.appium.java_client.android.AndroidDriver.findElement(AndroidDriver.java:1)\n\tat org.openqa.selenium.remote.RemoteWebDriver.findElementById(RemoteWebDriver.java:413)\n\tat io.appium.java_client.DefaultGenericMobileDriver.findElementById(DefaultGenericMobileDriver.java:64)\n\tat io.appium.java_client.AppiumDriver.findElementById(AppiumDriver.java:1)\n\tat io.appium.java_client.android.AndroidDriver.findElementById(AndroidDriver.java:1)\n\tat org.openqa.selenium.By$ById.findElement(By.java:218)\n\tat org.openqa.selenium.remote.RemoteWebDriver.findElement(RemoteWebDriver.java:355)\n\tat io.appium.java_client.DefaultGenericMobileDriver.findElement(DefaultGenericMobileDriver.java:52)\n\tat io.appium.java_client.AppiumDriver.findElement(AppiumDriver.java:1)\n\tat io.appium.java_client.android.AndroidDriver.findElement(AndroidDriver.java:1)\n\tat org.openqa.selenium.support.ui.ExpectedConditions.findElement(ExpectedConditions.java:899)\n\tat org.openqa.selenium.support.ui.ExpectedConditions.access$000(ExpectedConditions.java:41)\n\tat org.openqa.selenium.support.ui.ExpectedConditions$6.apply(ExpectedConditions.java:181)\n\tat org.openqa.selenium.support.ui.ExpectedConditions$6.apply(ExpectedConditions.java:178)\n\tat org.openqa.selenium.support.ui.FluentWait.until(FluentWait.java:238)\n\t... 28 more\n"},"stage":"finished","description":"Test Description: Click News Button and Assert Page Title","start":1545799676965,"stop":1545799761462,"parameters":[]}